app/build/outputs/logs/manifest-merger-debug-report.txt
-- Merging decision tree log ---
manifest
ADDED from src\main\AndroidManifest.xml:2:1-28:12
	package
		ADDED from src\main\AndroidManifest.xml:3:7-32
		INJECTED from src\main\AndroidManifest.xml
		INJECTED from src\main\AndroidManifest.xml
	android:versionName
		ADDED from src\main\AndroidManifest.xml:5:7-32
		INJECTED from src\main\AndroidManifest.xml
		INJECTED from src\main\AndroidManifest.xml
	android:versionCode
		ADDED from src\main\AndroidManifest.xml:4:7-30
		INJECTED from src\main\AndroidManifest.xml
		INJECTED from src\main\AndroidManifest.xml
	xmlns:android
		ADDED from src\main\AndroidManifest.xml:2:11-69
application
ADDED from src\main\AndroidManifest.xml:8:5-27:19
	android:label
		ADDED from src\main\AndroidManifest.xml:8:48-80
	android:icon
		ADDED from src\main\AndroidManifest.xml:8:18-47
activity#com.genius.demo.MusicPlayActivity
ADDED from src\main\AndroidManifest.xml:11:9-18:20
	android:label
		ADDED from src\main\AndroidManifest.xml:12:19-51
	android:theme
		ADDED from src\main\AndroidManifest.xml:13:19-66
	android:name
		ADDED from src\main\AndroidManifest.xml:11:19-52
intent-filter#android.intent.action.MAIN+android.intent.category.LAUNCHER
ADDED from src\main\AndroidManifest.xml:14:13-17:29
action#android.intent.action.MAIN
ADDED from src\main\AndroidManifest.xml:15:17-69
	android:name
		ADDED from src\main\AndroidManifest.xml:15:25-66
category#android.intent.category.LAUNCHER
ADDED from src\main\AndroidManifest.xml:16:17-77
	android:name
		ADDED from src\main\AndroidManifest.xml:16:27-74
service#com.genius.service.MusicService
ADDED from src\main\AndroidManifest.xml:21:9-25:19
	android:name
		ADDED from src\main\AndroidManifest.xml:21:18-66
intent-filter#com.genius.service.musicservices
ADDED from src\main\AndroidManifest.xml:22:10-24:26
action#com.genius.service.musicservices
ADDED from src\main\AndroidManifest.xml:23:11-70
	android:name
		ADDED from src\main\AndroidManifest.xml:23:19-68